Copyright 1986-2022 Xilinx, Inc. All Rights Reserved.
-----------------------------------------------------------------------------------------------
| Tool Version : Vivado v.2022.1 (lin64) Build 3526262 Mon Apr 18 15:47:01 MDT 2022
| Date         : Mon Dec  5 11:33:09 2022
| Host         : johel-PC running 64-bit Ubuntu 22.04.1 LTS
| Command      : report_utilization -hierarchical -file top_utilization_hierarchical_synth.rpt
| Design       : top
| Device       : xc7a100tcsg324-1
| Speed File   : -1
| Design State : Synthesized
-----------------------------------------------------------------------------------------------

Utilization Design Information

Table of Contents
-----------------
1. Utilization by Hierarchy

1. Utilization by Hierarchy
---------------------------

+----------------------------+-------------------------+------------+------------+---------+------+------+--------+--------+------------+
|          Instance          |          Module         | Total LUTs | Logic LUTs | LUTRAMs | SRLs |  FFs | RAMB36 | RAMB18 | DSP Blocks |
+----------------------------+-------------------------+------------+------------+---------+------+------+--------+--------+------------+
| top                        |                   (top) |       2372 |       2356 |      16 |    0 | 1839 |     30 |      8 |          5 |
|   (top)                    |                   (top) |        203 |        187 |      16 |    0 |  518 |     17 |      0 |          0 |
|   VexRiscv                 |                VexRiscv |       2079 |       2079 |       0 |    0 | 1256 |      1 |      8 |          4 |
|     (VexRiscv)             |                VexRiscv |        844 |        844 |       0 |    0 | 1087 |      0 |      2 |          4 |
|     IBusCachedPlugin_cache |        InstructionCache |        666 |        666 |       0 |    0 |  104 |      1 |      1 |          0 |
|     dataCache_1            |               DataCache |        569 |        569 |       0 |    0 |   65 |      0 |      5 |          0 |
|   camara                   |                  camara |         90 |         90 |       0 |    0 |   65 |     12 |      0 |          1 |
|     (camara)               |                  camara |          0 |          0 |       0 |    0 |    0 |      0 |      0 |          1 |
|     DP_RAM                 |           buffer_ram_dp |         11 |         11 |       0 |    0 |   15 |     12 |      0 |          0 |
|     VGA_640x480            |              VGA_Driver |         50 |         50 |       0 |    0 |   20 |      0 |      0 |          0 |
|     cam_read               |                cam_read |         29 |         29 |       0 |    0 |   30 |      0 |      0 |          0 |
|     clk25_24               |         clk24_25_nexys4 |          0 |          0 |       0 |    0 |    0 |      0 |      0 |          0 |
|       inst                 | clk24_25_nexys4_clk_wiz |          0 |          0 |       0 |    0 |    0 |      0 |      0 |          0 |
+----------------------------+-------------------------+------------+------------+---------+------+------+--------+--------+------------+


